<?xml version="1.0" encoding="UTF-8"?>
<!-- Generated by org.testng.reporters.JUnitReportReporter -->
<testsuite skipped="0" hostname="Asha" name="testNGFramework.Demoblaze_Addtocartflow" tests="2" failures="0" timestamp="27 Jul 2020 16:12:14 GMT" time="25.341" errors="0">
  <testcase name="a_urllauch" time="12.092" classname="testNGFramework.Demoblaze_Addtocartflow"/>
  <testcase name="b_productmenu" time="13.249" classname="testNGFramework.Demoblaze_Addtocartflow"/>
</testsuite> <!-- testNGFramework.Demoblaze_Addtocartflow -->
