<?xml version="1.0" encoding="UTF-8"?>
<!-- Generated by org.testng.reporters.JUnitReportReporter -->
<testsuite skipped="0" hostname="Asha" name="testNGFramework.YourLogoForTestNG" tests="6" failures="0" timestamp="21 Jul 2020 10:00:35 GMT" time="98.056" errors="0">
  <testcase name="b_registration" time="12.738" classname="testNGFramework.YourLogoForTestNG"/>
  <testcase name="e_signout" time="14.001" classname="testNGFramework.YourLogoForTestNG"/>
  <testcase name="d_addressinfo" time="7.611" classname="testNGFramework.YourLogoForTestNG"/>
  <testcase name="a_pageload" time="19.971" classname="testNGFramework.YourLogoForTestNG"/>
  <testcase name="c_personalinfo" time="33.470" classname="testNGFramework.YourLogoForTestNG"/>
  <testcase name="f_signin" time="10.265" classname="testNGFramework.YourLogoForTestNG"/>
</testsuite> <!-- testNGFramework.YourLogoForTestNG -->
