<?xml version="1.0" encoding="UTF-8"?>
<!-- Generated by org.testng.reporters.JUnitReportReporter -->
<testsuite skipped="0" hostname="Asha" name="testNGFramework.Verificationcommands" tests="2" failures="0" timestamp="24 Jul 2020 09:37:45 GMT" time="45.776" errors="0">
  <testcase name="radiobutton" time="8.756" classname="testNGFramework.Verificationcommands"/>
  <testcase name="pageload" time="37.020" classname="testNGFramework.Verificationcommands"/>
</testsuite> <!-- testNGFramework.Verificationcommands -->
