<?xml version="1.0" encoding="UTF-8"?>
<!-- Generated by org.testng.reporters.JUnitReportReporter -->
<testsuite skipped="0" hostname="Asha" name="testNGFramework.Zerowebapp1" tests="1" failures="0" timestamp="21 Jul 2020 10:21:34 GMT" time="12.108" errors="0">
  <testcase name="applicationlauch" time="12.108" classname="testNGFramework.Zerowebapp1"/>
</testsuite> <!-- testNGFramework.Zerowebapp1 -->
