<?xml version="1.0" encoding="UTF-8"?>
<!-- Generated by org.testng.reporters.JUnitReportReporter -->
<testsuite skipped="0" hostname="Asha" name="testNGFramework.Handlingtabs" tests="2" failures="0" timestamp="23 Jul 2020 12:10:26 GMT" time="24.475" errors="0">
  <testcase name="b_creataccount" time="6.003" classname="testNGFramework.Handlingtabs"/>
  <testcase name="a_tabs" time="18.472" classname="testNGFramework.Handlingtabs"/>
</testsuite> <!-- testNGFramework.Handlingtabs -->
