<?xml version="1.0" encoding="UTF-8"?>
<!-- Generated by org.testng.reporters.JUnitReportReporter -->
<testsuite skipped="0" hostname="Asha" name="testNGFramework.Flipkart_handlingtabs" tests="4" failures="0" timestamp="01 Aug 2020 10:09:09 GMT" time="45.774" errors="0">
  <testcase name="loginlayer" time="0.571" classname="testNGFramework.Flipkart_handlingtabs"/>
  <testcase name="search" time="0.713" classname="testNGFramework.Flipkart_handlingtabs"/>
  <testcase name="flipkartpageload" time="28.705" classname="testNGFramework.Flipkart_handlingtabs"/>
  <testcase name="thesearchresults" time="15.785" classname="testNGFramework.Flipkart_handlingtabs"/>
</testsuite> <!-- testNGFramework.Flipkart_handlingtabs -->
