<?xml version="1.0" encoding="UTF-8"?>
<!-- Generated by org.testng.reporters.JUnitReportReporter -->
<testsuite skipped="0" hostname="Asha" name="testNGFramework.Groupingconcepts1" tests="2" failures="0" timestamp="26 Jul 2020 21:44:32 GMT" time="0.020" errors="0">
  <testcase name="F2" time="0.000" classname="testNGFramework.Groupingconcepts1"/>
  <testcase name="F1" time="0.020" classname="testNGFramework.Groupingconcepts1"/>
</testsuite> <!-- testNGFramework.Groupingconcepts1 -->
