<?xml version="1.0" encoding="UTF-8"?>
<!-- Generated by org.testng.reporters.JUnitReportReporter -->
<testsuite skipped="0" hostname="Asha" name="testNGFramework.Handlingwindows" tests="2" failures="0" timestamp="23 Jul 2020 11:55:04 GMT" time="55.376" errors="0">
  <testcase name="b_windowsswitch" time="5.063" classname="testNGFramework.Handlingwindows"/>
  <testcase name="a_urllaunch" time="50.313" classname="testNGFramework.Handlingwindows"/>
</testsuite> <!-- testNGFramework.Handlingwindows -->
