<?xml version="1.0" encoding="UTF-8"?>
<!-- Generated by org.testng.reporters.JUnitReportReporter -->
<testsuite skipped="1" hostname="Asha" name="testNGFramework.Flipkartsearch" tests="4" failures="0" timestamp="21 Jul 2020 10:00:35 GMT" time="26.611" errors="0">
  <testcase name="loginlayer" time="0.349" classname="testNGFramework.Flipkartsearch"/>
  <testcase name="search" time="1.472" classname="testNGFramework.Flipkartsearch"/>
  <testcase name="flipkartpageload" time="24.790" classname="testNGFramework.Flipkartsearch"/>
  <testcase name="thesearchresults" classname="testNGFramework.Flipkartsearch">
    <skipped/>
  </testcase> <!-- thesearchresults -->
</testsuite> <!-- testNGFramework.Flipkartsearch -->
