<?xml version="1.0" encoding="UTF-8"?>
<!-- Generated by org.testng.reporters.JUnitReportReporter -->
<testsuite skipped="0" hostname="Asha" name="testNGFramework.Closeandquit" tests="2" failures="0" timestamp="23 Jul 2020 11:37:56 GMT" time="101.505" errors="0">
  <testcase name="a_urllaunch" time="99.753" classname="testNGFramework.Closeandquit"/>
  <testcase name="b_close" time="1.752" classname="testNGFramework.Closeandquit"/>
</testsuite> <!-- testNGFramework.Closeandquit -->
