<?xml version="1.0" encoding="UTF-8"?>
<!-- Generated by org.testng.reporters.JUnitReportReporter -->
<testsuite skipped="0" hostname="Asha" name="testNGFramework.Implicitwait" tests="2" failures="0" timestamp="23 Jul 2020 11:35:46 GMT" time="55.048" errors="0">
  <testcase name="search" time="42.957" classname="testNGFramework.Implicitwait"/>
  <testcase name="google" time="12.091" classname="testNGFramework.Implicitwait"/>
</testsuite> <!-- testNGFramework.Implicitwait -->
