<?xml version="1.0" encoding="UTF-8"?>
<!-- Generated by org.testng.reporters.JUnitReportReporter -->
<testsuite skipped="0" hostname="Asha" name="testNGFramework.Demostore_compareitems" tests="4" failures="0" timestamp="27 Jul 2020 16:12:14 GMT" time="56.330" errors="0">
  <testcase name="a_urllauch" time="34.358" classname="testNGFramework.Demostore_compareitems"/>
  <testcase name="b_hotdeals" time="3.510" classname="testNGFramework.Demostore_compareitems"/>
  <testcase name="c_categoryselection" time="3.472" classname="testNGFramework.Demostore_compareitems"/>
  <testcase name="d_compareitems" time="14.990" classname="testNGFramework.Demostore_compareitems"/>
</testsuite> <!-- testNGFramework.Demostore_compareitems -->
